<?xml version="1.0" encoding="UTF-8"?>
<!-- Generated by org.testng.reporters.JUnitReportReporter -->
<testsuite hostname="tejas-PC" name="com.selenium.appium.NewTest" tests="1" failures="0" timestamp="2 Feb 2016 12:54:27 GMT" time="5.532" errors="0">
  <testcase name="googleTest" time="5.532" classname="com.selenium.appium.NewTest"/>
</testsuite> <!-- com.selenium.appium.NewTest -->
