<?xml version="1.0" encoding="UTF-8"?>
<!-- Generated by org.testng.reporters.JUnitReportReporter -->
<testsuite hostname="tejas-PC" name="com.sewlenium.appium.ScreenShotTest" tests="1" failures="0" timestamp="1 Feb 2016 09:32:02 GMT" time="6.870" errors="0">
  <testcase name="ScreenShot" time="6.870" classname="com.sewlenium.appium.ScreenShotTest"/>
</testsuite> <!-- com.sewlenium.appium.ScreenShotTest -->
